<?xml version="1.0" encoding="UTF-8"?>
<testsuite name="com.vikramvi.cucumber.WLC_List" time="0.946" tests="5" errors="0" skipped="0" failures="0">
  <properties>
[...]
</properties>
  <testcase name="Given User log-in to WL" classname="Scenario: User creates a new list" time="0.002"/>
  <testcase name="And User is in List View" classname="Scenario: User creates a new list" time="0"/>
  <testcase name="When User Creates New List" classname="Scenario: User creates a new list" time="0"/>
  <testcase name="Then New List Gets Created At Bottom of List View" classname="Scenario: User creates a new list" time="0"/>
  <testcase name="Scenario: User creates a new list" classname="Scenario: User creates a new list" time="0.944"/>
</testsuite>